# Preference setting overrides
gui_create_pref_key -category {Globals} -key {load_detail_for_funcov} -value_type {bool} -value {false}
gui_create_pref_category -category {schem_obj_name}
gui_create_pref_key -category {schem_obj_name} -key {show_cell_and_pin_with_symbol_name} -value_type {bool} -value {false}
gui_create_pref_key -category {schem_pin_hc} -key {textExtFont} -value_type {string} -value {Helvetica,10,-1,5,50,0,0,0,0,0}

# State setting overrides
gui_state_default_create -off -ini
gui_set_state_value -category Globals -key recent_databases -value {{gui_open_db -file /home/ecelrc/students/jnederveld/Project-RAVE/processor/M/cache/cache.vpd -design V1} {gui_open_db -file /home/ecelrc/students/jnederveld/Project-RAVE/processor/M/cache/cache.vpd -design V3} {gui_open_db -file /home/ecelrc/students/jnederveld/Project-RAVE/processor/M/cache/LRU_FSM.vpd -design V2} {gui_open_db -file /home/ecelrc/students/jnederveld/Project-RAVE/processor/M/cache/cache.vpd -design V2} {gui_open_db -file /home/ecelrc/students/jnederveld/Project-RAVE/processor/M/cache/metaStore.vpd -design V1}}
gui_set_state_value -category Layout -key child_console_size_x -value 1985
gui_set_state_value -category Layout -key child_console_size_y -value 134
gui_set_state_value -category Layout -key child_data_coltype -value 80
gui_set_state_value -category Layout -key child_data_colvalue -value 116
gui_set_state_value -category Layout -key child_data_colvariable -value 160
gui_set_state_value -category Layout -key child_data_size_x -value 268
gui_set_state_value -category Layout -key child_data_size_y -value 937
gui_set_state_value -category Layout -key child_driver_size_x -value 1721
gui_set_state_value -category Layout -key child_driver_size_y -value 179
gui_set_state_value -category Layout -key child_hier_col3 -value {-1}
gui_set_state_value -category Layout -key child_hier_colhier -value 330
gui_set_state_value -category Layout -key child_hier_colpd -value 0
gui_set_state_value -category Layout -key child_hier_coltype -value 181
gui_set_state_value -category Layout -key child_hier_size_x -value 486
gui_set_state_value -category Layout -key child_hier_size_y -value 937
gui_set_state_value -category Layout -key child_hier_sort_order -value 1
gui_set_state_value -category Layout -key child_list_down -value 250
gui_set_state_value -category Layout -key child_list_right -value 1174
gui_set_state_value -category Layout -key child_schematic_docknewline -value false
gui_set_state_value -category Layout -key child_schematic_pos_x -value {-2}
gui_set_state_value -category Layout -key child_schematic_pos_y -value {-15}
gui_set_state_value -category Layout -key child_schematic_size_x -value 2990
gui_set_state_value -category Layout -key child_schematic_size_y -value 778
gui_set_state_value -category Layout -key child_source_docknewline -value false
gui_set_state_value -category Layout -key child_source_pos_x -value {-2}
gui_set_state_value -category Layout -key child_source_pos_y -value {-15}
gui_set_state_value -category Layout -key child_source_size_x -value 1234
gui_set_state_value -category Layout -key child_source_size_y -value 932
gui_set_state_value -category Layout -key child_wave_colname -value 225
gui_set_state_value -category Layout -key child_wave_colvalue -value 328
gui_set_state_value -category Layout -key child_wave_left -value 557
gui_set_state_value -category Layout -key child_wave_right -value 1357
gui_set_state_value -category Layout -key main_pos_x -value 2625
gui_set_state_value -category Layout -key main_pos_y -value 636
gui_set_state_value -category Layout -key main_size_x -value 4610
gui_set_state_value -category Layout -key main_size_y -value 1782
gui_set_state_value -category Layout -key stand_list_child_docknewline -value false
gui_set_state_value -category Layout -key stand_list_child_pos_x -value {-2}
gui_set_state_value -category Layout -key stand_list_child_pos_y -value {-15}
gui_set_state_value -category Layout -key stand_list_child_size_x -value 1334
gui_set_state_value -category Layout -key stand_list_child_size_y -value 395
gui_set_state_value -category Layout -key stand_list_top_pos_y -value 31
gui_set_state_value -category Layout -key stand_list_top_size_x -value 1829
gui_set_state_value -category Layout -key stand_list_top_size_y -value 530
gui_set_state_value -category Layout -key stand_wave_child_docknewline -value false
gui_set_state_value -category Layout -key stand_wave_child_pos_x -value {-2}
gui_set_state_value -category Layout -key stand_wave_child_pos_y -value {-15}
gui_set_state_value -category Layout -key stand_wave_child_size_x -value 1924
gui_set_state_value -category Layout -key stand_wave_child_size_y -value 928
gui_set_state_value -category Layout -key stand_wave_top_pos_x -value 2560
gui_set_state_value -category Layout -key stand_wave_top_pos_y -value 531
gui_set_state_value -category Layout -key stand_wave_top_size_x -value 4479
gui_set_state_value -category Layout -key stand_wave_top_size_y -value 1539
gui_create_state_key -category FindDialog -key m_pMatchCase -value_type bool -value false
gui_create_state_key -category FindDialog -key m_pMatchWord -value_type bool -value false
gui_create_state_key -category FindDialog -key m_pUseCombo -value_type string -value {}
gui_create_state_key -category FindDialog -key m_pWrapAround -value_type bool -value true
gui_create_state_key -category Widget_History -key {dlgSimSetup|m_setupTab|tab pages|SimTab|m_VPDCombo} -value_type string -value inter.vpd
gui_create_state_key -category Widget_History -key {dlgSimSetup|m_setupTab|tab pages|SimTab|m_argsCombo} -value_type string -value {{-ucligui }}
gui_create_state_key -category Widget_History -key {dlgSimSetup|m_setupTab|tab pages|SimTab|m_curDirCombo} -value_type string -value {/home/ecelrc/students/jnederveld/vlsi1/lab3/rtl /home/ecelrc/students/jnederveld/vlsi1/lab3}
gui_create_state_key -category Widget_History -key {dlgSimSetup|m_setupTab|tab pages|SimTab|m_exeCombo} -value_type string -value {/home/ecelrc/students/jnederveld/vlsi1/lab3/rtl/simv ./simv /home/ecelrc/students/jnederveld/vlsi1/lab3/simv}
gui_create_state_key -category Widget_History -key {dveFileDialogImpl|directory history/editor} -value_type string -value /home/ecelrc/students/jnederveld/uarch/PS2/
gui_state_default_create -off

# Begin command logging
gui_open_db -file /home/ecelrc/students/jnederveld/Project-RAVE/processor/M/cache/cache.vpd -design V1
gui_list_expand -id  Hier.1   cache_tb
gui_list_select -id Hier.1 -current_item_name cache_tb.outputAlign_instance -current_item_type Scope  -selected  { cache_tb.outputAlign_instance   }
gui_open_window Wave
gui_list_add -id Wave.1 -from Hier.1 { cache_tb.outputAlign_instance } -insertionbar
gui_zoom -window Wave.1 -full
gui_marker_move -id  Wave.1 C1 10840
gui_marker_move -id  Wave.1 C1 10988
gui_list_select -id Wave.1 -selected  { {cache_tb.outputAlign_instance.O_vAddress[31:0]}   }
gui_list_select -id Hier.1 -current_item_name cache_tb.iA -current_item_type Scope  -selected  { cache_tb.iA   }
gui_open_window Wave
gui_list_add -id Wave.2 -from Hier.1 { cache_tb.iA } -insertionbar
gui_marker_move -id  Wave.2 C1 104
gui_marker_move -id  Wave.2 C1 121
gui_list_select -id Wave.2 -selected  { {cache_tb.iA.sizeAdd2[3:0]}   }
gui_list_select -id Wave.2 -selected  { iA   }
gui_zoom -window Wave.2 -full
gui_marker_move -id  Wave.2 C1 10347
gui_save_session -reload -default_file
gui_set_pref_value -category {Globals} -key {use_mhpi_lookup} -value {false}
gui_set_pref_value -category {Globals} -key {use_mhpi_lookup} -value {true}
gui_list_select -id Wave.2 -selected  { iA   }
gui_list_sort -id  Wave.2   {Name}
gui_list_sort -id  Wave.1   {Name}
gui_list_select -id Wave.1 -selected  { {cache_tb.outputAlign_instance.data_out[63:0]}   }
gui_save_session -reload -default_file
gui_set_pref_value -category {Globals} -key {use_mhpi_lookup} -value {false}
gui_set_pref_value -category {Globals} -key {use_mhpi_lookup} -value {true}
gui_list_select -id Wave.1 -selected  { {cache_tb.outputAlign_instance.muxData[63:0]}   }
gui_list_select -id Wave.1 -selected  { {cache_tb.outputAlign_instance.data_out[63:0]}   }
gui_marker_move -id  Wave.1 C1 11048
gui_marker_move -id  Wave.1 C1 12144
gui_list_select -id Wave.1 -selected  { cache_tb.outputAlign_instance.valid1   }
gui_save_session -reload -default_file
gui_set_pref_value -category {Globals} -key {use_mhpi_lookup} -value {false}
gui_set_pref_value -category {Globals} -key {use_mhpi_lookup} -value {true}
gui_marker_move -id  Wave.1 C1 11393
gui_marker_move -id  Wave.1 C1 9300
gui_marker_move -id  Wave.1 C1 7286
gui_marker_move -id  Wave.1 C1 6654
gui_marker_move -id  Wave.1 C1 6144
gui_marker_move -id  Wave.1 C1 6793
gui_marker_move -id  Wave.1 C1 8046
gui_marker_move -id  Wave.1 C1 9192
gui_marker_move -id  Wave.1 C1 10041
gui_marker_move -id  Wave.1 C1 10376
gui_marker_move -id  Wave.1 C1 10317
gui_marker_move -id  Wave.1 C1 9359
gui_list_select -id Wave.1 -selected  { cache_tb.outputAlign_instance.wake0   }
gui_marker_move -id  Wave.1 C1 9024
gui_wv_zoom_timerange -id  Wave.1 7750 7800
gui_zoom -window Wave.1 -full
gui_marker_move -id  Wave.1 C1 12381
gui_marker_move -id  Wave.1 C1 12272
gui_marker_move -id  Wave.1 C1 12065
gui_marker_move -id  Wave.1 C1 6773
gui_marker_move -id  Wave.1 C1 4097
gui_marker_move -id  Wave.1 C1 5035
gui_list_select -id Wave.1 -selected  { {cache_tb.outputAlign_instance.data0[127:0]}   }
gui_list_select -id Wave.1 -selected  { {cache_tb.outputAlign_instance.data0_shift[127:0]}   }
gui_list_select -id Wave.1 -selected  { cache_tb.outputAlign_instance.valid0   }
gui_list_select -id Wave.1 -selected  { cache_tb.outputAlign_instance.valid1   }
gui_marker_move -id  Wave.1 C1 7029
gui_marker_move -id  Wave.1 C1 6960
gui_list_select -id Hier.1 -current_item_name cache_tb.cacheBank_O -current_item_type Scope  -selected  { cache_tb.cacheBank_O   }
gui_list_select -id Hier.1 -current_item_name cache_tb.cacheBank_E -current_item_type Scope  -selected  { cache_tb.cacheBank_E   }
gui_list_expand -id  Hier.1   cache_tb.cacheBank_E
gui_open_window Wave
gui_list_add -id Wave.3 -from Hier.1 { cache_tb.cacheBank_E } -insertionbar
gui_zoom -window Wave.3 -full
gui_list_sort -id  Wave.3   {Name}
gui_list_select -id Wave.3 -selected  { cache_tb.cacheBank_E.HIT   }
gui_list_select -id Wave.3 -selected  { {cache_tb.cacheBank_E.HITS[3:0]}   }
gui_marker_move -id  Wave.3 C1 8984
gui_marker_move -id  Wave.3 C1 10692
gui_list_select -id Wave.3 -selected  { cache_tb.cacheBank_E.EX_wake   }
gui_marker_move -id  Wave.3 C1 8584
gui_marker_move -id  Wave.3 C1 9769
gui_marker_move -id  Wave.3 C1 10436
gui_marker_move -id  Wave.3 C1 9769
gui_wv_zoom_timerange -id  Wave.3 0 6467
gui_wv_zoom_timerange -id  Wave.1 0 6467
gui_wv_zoom_timerange -id  Wave.1 0 4433
gui_list_select -id Wave.1 -selected  { cache_tb.outputAlign_instance.wake1   }
gui_list_select -id Wave.1 -selected  { cache_tb.outputAlign_instance.wake0   }
gui_wv_scroll_hslidermove -id  Wave.1 523
gui_marker_move -id  Wave.1 C1 6605
gui_wv_zoom_timerange -id  Wave.3 3377 8975
gui_list_select -id Wave.3 -selected  { cache_tb.cacheBank_E.HIT   }
gui_list_add  -id  Wave.3   -after cache_tb.cacheBank_E.EX_wake {{cache_tb.cacheBank_E.HIT}} 
gui_wv_scroll_hslidermove -id  Wave.3 531
gui_marker_move -id  Wave.3 C1 6526
gui_list_select -id Wave.1 -selected  { cache_tb.outputAlign_instance.E_wake   }
gui_list_select -id Wave.1 -selected  { cache_tb.outputAlign_instance.O_wake   }
