cycle number:           0
[===GPR VALUES===]
EAX = 0xxxxxxxxx   PTC:xxxx
ECX = 0xxxxxxxxx   PTC:xxxx
EDX = 0xxxxxxxxx   PTC:xxxx
EBX = 0xxxxxxxxx   PTC:xxxx
ESP = 0xxxxxxxxx   PTC:xxxx
EBP = 0xxxxxxxxx   PTC:xxxx
ESI = 0xxxxxxxxx   PTC:xxxx
EDI = 0xxxxxxxxx   PTC:xxxx
[===MMX VALUES===]
MM0 = 0xxxxxxxxxxxxxxxxx   PTC:xxxxxxxx
MM1 = 0xxxxxxxxxxxxxxxxx   PTC:xxxxxxxx
MM2 = 0xxxxxxxxxxxxxxxxx   PTC:xxxxxxxx
MM3 = 0xxxxxxxxxxxxxxxxx   PTC:xxxxxxxx
MM4 = 0xxxxxxxxxxxxxxxxx   PTC:xxxxxxxx
MM5 = 0xxxxxxxxxxxxxxxxx   PTC:xxxxxxxx
MM6 = 0xxxxxxxxxxxxxxxxx   PTC:xxxxxxxx
MM7 = 0xxxxxxxxxxxxxxxxx   PTC:xxxxxxxx


cycle number:           1
[===GPR VALUES===]
EAX = 0x00000000   PTC:0000
ECX = 0x00000000   PTC:0000
EDX = 0x00000000   PTC:0000
EBX = 0x00000000   PTC:0000
ESP = 0x00000000   PTC:0000
EBP = 0x00000000   PTC:0000
ESI = 0x00000000   PTC:0000
EDI = 0x00000000   PTC:0000
[===MMX VALUES===]
MM0 = 0x0000000000000000   PTC:00000000
MM1 = 0x0000000000000000   PTC:00000000
MM2 = 0x0000000000000000   PTC:00000000
MM3 = 0x0000000000000000   PTC:00000000
MM4 = 0x0000000000000000   PTC:00000000
MM5 = 0x0000000000000000   PTC:00000000
MM6 = 0x0000000000000000   PTC:00000000
MM7 = 0x0000000000000000   PTC:00000000


cycle number:           2
[===GPR VALUES===]
EAX = 0xxxxxxxxx   PTC:0000
ECX = 0x00000000   PTC:0000
EDX = 0x00000000   PTC:0000
EBX = 0x00000000   PTC:0000
ESP = 0x00000000   PTC:0000
EBP = 0x00000000   PTC:0000
ESI = 0x00000000   PTC:0000
EDI = 0x00000000   PTC:0000
[===MMX VALUES===]
MM0 = 0x0000000000000000   PTC:00000000
MM1 = 0x0000000000000000   PTC:00000000
MM2 = 0x0000000000000000   PTC:00000000
MM3 = 0x0000000000000000   PTC:00000000
MM4 = 0x0000000000000000   PTC:00000000
MM5 = 0x0000000000000000   PTC:00000000
MM6 = 0x0000000000000000   PTC:00000000
MM7 = 0x0000000000000000   PTC:00000000


cycle number:           3
[===GPR VALUES===]
EAX = 0x00000000   PTC:1111
ECX = 0x01010101   PTC:0000
EDX = 0x02020202   PTC:0000
EBX = 0x03030303   PTC:0000
ESP = 0x00000000   PTC:0000
EBP = 0x00000000   PTC:0000
ESI = 0x00000000   PTC:0000
EDI = 0x00000000   PTC:0000
[===MMX VALUES===]
MM0 = 0x0000000000000000   PTC:00000000
MM1 = 0x0000000000000000   PTC:00000000
MM2 = 0x0000000000000000   PTC:00000000
MM3 = 0x0000000000000000   PTC:00000000
MM4 = 0x0000000000000000   PTC:00000000
MM5 = 0x0000000000000000   PTC:00000000
MM6 = 0x0000000000000000   PTC:00000000
MM7 = 0x0000000000000000   PTC:00000000


cycle number:           4
[===GPR VALUES===]
EAX = 0x00000000   PTC:1111
ECX = 0x01010101   PTC:1111
EDX = 0x02020202   PTC:1111
EBX = 0x03030303   PTC:1111
ESP = 0x04040404   PTC:0000
EBP = 0x05050505   PTC:0000
ESI = 0x06060606   PTC:0000
EDI = 0x07070707   PTC:0000
[===MMX VALUES===]
MM0 = 0x0000000000000000   PTC:00000000
MM1 = 0x0000000000000000   PTC:00000000
MM2 = 0x0000000000000000   PTC:00000000
MM3 = 0x0000000000000000   PTC:00000000
MM4 = 0x0000000000000000   PTC:00000000
MM5 = 0x0000000000000000   PTC:00000000
MM6 = 0x0000000000000000   PTC:00000000
MM7 = 0x0000000000000000   PTC:00000000


cycle number:           5
[===GPR VALUES===]
EAX = 0x00000000   PTC:1111
ECX = 0x01010101   PTC:1111
EDX = 0x02020202   PTC:1111
EBX = 0x03030303   PTC:1111
ESP = 0x04040404   PTC:0000
EBP = 0x05050505   PTC:0000
ESI = 0x06060606   PTC:0000
EDI = 0x07070707   PTC:0000
[===MMX VALUES===]
MM0 = 0x0000000000000000   PTC:00000000
MM1 = 0x0000000000000000   PTC:00000000
MM2 = 0x0000000000000000   PTC:00000000
MM3 = 0x0000000000000000   PTC:00000000
MM4 = 0x0000000000000000   PTC:00000000
MM5 = 0x0000000000000000   PTC:00000000
MM6 = 0x0000000000000000   PTC:00000000
MM7 = 0x0000000000000000   PTC:00000000


cycle number:           6
[===GPR VALUES===]
EAX = 0x00000000   PTC:1111
ECX = 0x01010101   PTC:1111
EDX = 0x02020202   PTC:1111
EBX = 0x03030303   PTC:1111
ESP = 0x04040404   PTC:0000
EBP = 0x05050505   PTC:0000
ESI = 0x06060606   PTC:0000
EDI = 0x07070707   PTC:0000
[===MMX VALUES===]
MM0 = 0x0000000000000000   PTC:00000000
MM1 = 0x1010101010101010   PTC:00000000
MM2 = 0x2020202020202020   PTC:00000000
MM3 = 0x3030303030303030   PTC:00000000
MM4 = 0x0000000000000000   PTC:11111111
MM5 = 0x0000000000000000   PTC:11111111
MM6 = 0x0000000000000000   PTC:11111111
MM7 = 0x0000000000000000   PTC:11111111


cycle number:           7
[===GPR VALUES===]
EAX = 0x00000000   PTC:1111
ECX = 0x01010101   PTC:1111
EDX = 0x02020202   PTC:1111
EBX = 0x03030303   PTC:1111
ESP = 0x04040404   PTC:0000
EBP = 0x05050505   PTC:0000
ESI = 0x06060606   PTC:0000
EDI = 0x07070707   PTC:0000
[===MMX VALUES===]
MM0 = 0x0000000000000000   PTC:11111111
MM1 = 0x1010101010101010   PTC:11111111
MM2 = 0x2020202020202020   PTC:11111111
MM3 = 0x3030303030303030   PTC:11111111
MM4 = 0x4040404040404040   PTC:11111111
MM5 = 0x5050505050505050   PTC:11111111
MM6 = 0x6060606060606060   PTC:11111111
MM7 = 0x7070707070707070   PTC:11111111


cycle number:           8
[===GPR VALUES===]
EAX = 0x00000000   PTC:1111
ECX = 0x01010101   PTC:1111
EDX = 0x02020202   PTC:1111
EBX = 0x03030303   PTC:1111
ESP = 0x04040404   PTC:0000
EBP = 0x05050505   PTC:0000
ESI = 0x06060606   PTC:0000
EDI = 0x07070707   PTC:0000
[===MMX VALUES===]
MM0 = 0x0000000000000000   PTC:11111111
MM1 = 0x1010101010101010   PTC:11111111
MM2 = 0x2020202020202020   PTC:11111111
MM3 = 0x3030303030303030   PTC:11111111
MM4 = 0x4040404040404040   PTC:11111111
MM5 = 0x5050505050505050   PTC:11111111
MM6 = 0x6060606060606060   PTC:11111111
MM7 = 0x7070707070707070   PTC:11111111


cycle number:           9
[===GPR VALUES===]
EAX = 0x0000ffff   PTC:1111
ECX = 0x0101ffff   PTC:1111
EDX = 0x0202ffff   PTC:1111
EBX = 0x0303ffff   PTC:1111
ESP = 0x04040404   PTC:0011
EBP = 0x05050505   PTC:0011
ESI = 0x06060606   PTC:0011
EDI = 0x07070707   PTC:0011
[===MMX VALUES===]
MM0 = 0x0000000000000000   PTC:11111111
MM1 = 0x1010101010101010   PTC:11111111
MM2 = 0x2020202020202020   PTC:11111111
MM3 = 0x3030303030303030   PTC:11111111
MM4 = 0x4040404040404040   PTC:11111111
MM5 = 0x5050505050505050   PTC:11111111
MM6 = 0x6060606060606060   PTC:11111111
MM7 = 0x7070707070707070   PTC:11111111


cycle number:          10
[===GPR VALUES===]
EAX = 0x0000ffff   PTC:1111
ECX = 0x0101ffff   PTC:1111
EDX = 0x0202ffff   PTC:1111
EBX = 0x0303ffff   PTC:1111
ESP = 0x0404ffff   PTC:0011
EBP = 0x0505ffff   PTC:0011
ESI = 0x0606ffff   PTC:0011
EDI = 0x0707ffff   PTC:0011
[===MMX VALUES===]
MM0 = 0x0000000000000000   PTC:11111111
MM1 = 0x1010101010101010   PTC:11111111
MM2 = 0x2020202020202020   PTC:11111111
MM3 = 0x3030303030303030   PTC:11111111
MM4 = 0x4040404040404040   PTC:11111111
MM5 = 0x5050505050505050   PTC:11111111
MM6 = 0x6060606060606060   PTC:11111111
MM7 = 0x7070707070707070   PTC:11111111


cycle number:          11
[===GPR VALUES===]
EAX = 0x0000ffff   PTC:1111
ECX = 0x0101ffff   PTC:1111
EDX = 0x0202ffff   PTC:1111
EBX = 0x0303ffff   PTC:1111
ESP = 0x0404ffff   PTC:0011
EBP = 0x0505ffff   PTC:0011
ESI = 0x0606ffff   PTC:0011
EDI = 0x0707ffff   PTC:0011
[===MMX VALUES===]
MM0 = 0x0000000000000000   PTC:11111111
MM1 = 0x1010101010101010   PTC:11111111
MM2 = 0x2020202020202020   PTC:11111111
MM3 = 0x3030303030303030   PTC:11111111
MM4 = 0x4040404040404040   PTC:11111111
MM5 = 0x5050505050505050   PTC:11111111
MM6 = 0x6060606060606060   PTC:11111111
MM7 = 0x7070707070707070   PTC:11111111


cycle number:          12
[===GPR VALUES===]
EAX = 0x0000ffff   PTC:1111
ECX = 0x0101ff10   PTC:1111
EDX = 0x0202ff20   PTC:1111
EBX = 0x0303ff30   PTC:1111
ESP = 0x0404ffff   PTC:0011
EBP = 0x0505ffff   PTC:0011
ESI = 0x0606ffff   PTC:0011
EDI = 0x0707ffff   PTC:0011
[===MMX VALUES===]
MM0 = 0x0000000000000000   PTC:11111111
MM1 = 0x1010101010101010   PTC:11111111
MM2 = 0x2020202020202020   PTC:11111111
MM3 = 0x3030303030303030   PTC:11111111
MM4 = 0x4040404040404040   PTC:11111111
MM5 = 0x5050505050505050   PTC:11111111
MM6 = 0x6060606060606060   PTC:11111111
MM7 = 0x7070707070707070   PTC:11111111


cycle number:          13
[===GPR VALUES===]
EAX = 0x0000ffff   PTC:1111
ECX = 0x01015010   PTC:1111
EDX = 0x02026020   PTC:1111
EBX = 0x03037030   PTC:1111
ESP = 0x0404ffff   PTC:0011
EBP = 0x0505ffff   PTC:0011
ESI = 0x0606ffff   PTC:0011
EDI = 0x0707ffff   PTC:0011
[===MMX VALUES===]
MM0 = 0x0000000000000000   PTC:11111111
MM1 = 0x1010101010101010   PTC:11111111
MM2 = 0x2020202020202020   PTC:11111111
MM3 = 0x3030303030303030   PTC:11111111
MM4 = 0x4040404040404040   PTC:11111111
MM5 = 0x5050505050505050   PTC:11111111
MM6 = 0x6060606060606060   PTC:11111111
MM7 = 0x7070707070707070   PTC:11111111


cycle number:          14
[===GPR VALUES===]
EAX = 0x0000ffff   PTC:0000
ECX = 0x01015010   PTC:0000
EDX = 0x02026020   PTC:0000
EBX = 0x03037030   PTC:0000
ESP = 0x0404ffff   PTC:0000
EBP = 0x0505ffff   PTC:0000
ESI = 0x0606ffff   PTC:0000
EDI = 0x0707ffff   PTC:0000
[===MMX VALUES===]
MM0 = 0x0000000000000000   PTC:00000000
MM1 = 0x1010101010101010   PTC:00000000
MM2 = 0x2020202020202020   PTC:00000000
MM3 = 0x3030303030303030   PTC:00000000
MM4 = 0x4040404040404040   PTC:00000000
MM5 = 0x5050505050505050   PTC:00000000
MM6 = 0x6060606060606060   PTC:00000000
MM7 = 0x7070707070707070   PTC:00000000


cycle number:          15
