# Preference setting overrides
gui_create_pref_key -category {Globals} -key {load_detail_for_funcov} -value_type {bool} -value {false}
gui_create_pref_category -category {schem_obj_name}
gui_create_pref_key -category {schem_obj_name} -key {show_cell_and_pin_with_symbol_name} -value_type {bool} -value {false}
gui_create_pref_key -category {schem_pin_hc} -key {textExtFont} -value_type {string} -value {Helvetica,10,-1,5,50,0,0,0,0,0}

# State setting overrides
gui_state_default_create -off -ini
gui_set_state_value -category Globals -key recent_databases -value {{gui_open_db -file /home/ecelrc/students/jnederveld/Project-RAVE/processor/M/cache/cache.vpd -design V1} {gui_open_db -file /home/ecelrc/students/jnederveld/Project-RAVE/processor/Control Store/pythonProject/CS.vpd -design V1} {gui_open_db -file /home/ecelrc/students/jnederveld/Project-RAVE/processor/M/cache/PTCVDFSM.vpd -design V1} {gui_open_db -file /home/ecelrc/students/jnederveld/Project-RAVE/processor/Control Store/pythonProject/CS.vpd -design V2} {gui_open_db -file /home/ecelrc/students/jnederveld/uarch/PS3/ALU.vpd -design V1}}
gui_set_state_value -category Layout -key child_console_size_x -value 2035
gui_set_state_value -category Layout -key child_console_size_y -value 163
gui_set_state_value -category Layout -key child_data_coltype -value 80
gui_set_state_value -category Layout -key child_data_colvalue -value 116
gui_set_state_value -category Layout -key child_data_colvariable -value 160
gui_set_state_value -category Layout -key child_data_size_x -value 318
gui_set_state_value -category Layout -key child_data_size_y -value 958
gui_set_state_value -category Layout -key child_driver_size_x -value 1771
gui_set_state_value -category Layout -key child_driver_size_y -value 179
gui_set_state_value -category Layout -key child_hier_col3 -value {-1}
gui_set_state_value -category Layout -key child_hier_colpd -value 0
gui_set_state_value -category Layout -key child_hier_size_x -value 209
gui_set_state_value -category Layout -key child_hier_size_y -value 958
gui_set_state_value -category Layout -key child_hier_sort_order -value 1
gui_set_state_value -category Layout -key child_list_down -value 250
gui_set_state_value -category Layout -key child_list_right -value 1174
gui_set_state_value -category Layout -key child_schematic_docknewline -value false
gui_set_state_value -category Layout -key child_schematic_pos_x -value {-2}
gui_set_state_value -category Layout -key child_schematic_pos_y -value {-15}
gui_set_state_value -category Layout -key child_schematic_size_x -value 2990
gui_set_state_value -category Layout -key child_schematic_size_y -value 778
gui_set_state_value -category Layout -key child_source_docknewline -value false
gui_set_state_value -category Layout -key child_source_pos_x -value {-2}
gui_set_state_value -category Layout -key child_source_pos_y -value {-15}
gui_set_state_value -category Layout -key child_source_size_x -value 1511
gui_set_state_value -category Layout -key child_source_size_y -value 953
gui_set_state_value -category Layout -key child_wave_colname -value 286
gui_set_state_value -category Layout -key child_wave_colvalue -value 286
gui_set_state_value -category Layout -key child_wave_left -value 576
gui_set_state_value -category Layout -key child_wave_right -value 1405
gui_set_state_value -category Layout -key main_pos_x -value 251
gui_set_state_value -category Layout -key main_pos_y -value 128
gui_set_state_value -category Layout -key main_size_x -value 2286
gui_set_state_value -category Layout -key main_size_y -value 1324
gui_set_state_value -category Layout -key stand_list_child_docknewline -value false
gui_set_state_value -category Layout -key stand_list_child_pos_x -value {-2}
gui_set_state_value -category Layout -key stand_list_child_pos_y -value {-15}
gui_set_state_value -category Layout -key stand_list_child_size_x -value 1334
gui_set_state_value -category Layout -key stand_list_child_size_y -value 395
gui_set_state_value -category Layout -key stand_list_top_pos_y -value 31
gui_set_state_value -category Layout -key stand_list_top_size_x -value 1829
gui_set_state_value -category Layout -key stand_list_top_size_y -value 530
gui_set_state_value -category Layout -key stand_wave_child_docknewline -value false
gui_set_state_value -category Layout -key stand_wave_child_pos_x -value {-2}
gui_set_state_value -category Layout -key stand_wave_child_pos_y -value {-15}
gui_set_state_value -category Layout -key stand_wave_child_size_x -value 1991
gui_set_state_value -category Layout -key stand_wave_child_size_y -value 1118
gui_set_state_value -category Layout -key stand_wave_top_pos_x -value 0
gui_set_state_value -category Layout -key stand_wave_top_pos_y -value 0
gui_set_state_value -category Layout -key stand_wave_top_size_x -value 1986
gui_set_state_value -category Layout -key stand_wave_top_size_y -value 1198
gui_create_state_key -category FindDialog -key m_pMatchCase -value_type bool -value false
gui_create_state_key -category FindDialog -key m_pMatchWord -value_type bool -value false
gui_create_state_key -category FindDialog -key m_pUseCombo -value_type string -value {}
gui_create_state_key -category FindDialog -key m_pWrapAround -value_type bool -value true
gui_create_state_key -category Widget_History -key {dlgSimSetup|m_setupTab|tab pages|SimTab|m_VPDCombo} -value_type string -value inter.vpd
gui_create_state_key -category Widget_History -key {dlgSimSetup|m_setupTab|tab pages|SimTab|m_argsCombo} -value_type string -value {{-ucligui }}
gui_create_state_key -category Widget_History -key {dlgSimSetup|m_setupTab|tab pages|SimTab|m_curDirCombo} -value_type string -value {/home/ecelrc/students/jnederveld/vlsi1/lab3/rtl /home/ecelrc/students/jnederveld/vlsi1/lab3}
gui_create_state_key -category Widget_History -key {dlgSimSetup|m_setupTab|tab pages|SimTab|m_exeCombo} -value_type string -value {/home/ecelrc/students/jnederveld/vlsi1/lab3/rtl/simv ./simv /home/ecelrc/students/jnederveld/vlsi1/lab3/simv}
gui_create_state_key -category Widget_History -key {dveFileDialogImpl|directory history/editor} -value_type string -value /home/ecelrc/students/jnederveld/uarch/PS2/
gui_state_default_create -off

# Begin command logging
gui_open_db -file /home/ecelrc/students/jnederveld/Project-RAVE/processor/M/cache/cache.vpd -design V1
gui_list_expand -id  Hier.1   cache_tb
gui_list_select -id Hier.1 -current_item_name cache_tb.adrSwap_instance -current_item_type Scope  -selected  { cache_tb.adrSwap_instance   }
gui_list_select -id Hier.1 -current_item_name cache_tb.outputAlign_instance -current_item_type Scope  -selected  { cache_tb.outputAlign_instance   }
gui_list_select -id Hier.1 -current_item_name cache_tb -current_item_type Scope  -selected  { cache_tb   }
gui_open_window Wave
gui_list_add -id Wave.1 -from Hier.1 { cache_tb } -insertionbar
gui_zoom -window Wave.1 -full
gui_list_select -id Wave.1 -selected  { {cache_tb.data_out[63:0]}   }
gui_marker_move -id  Wave.1 C1 6404
gui_list_select -id Wave.1 -selected  { {cache_tb.EX_dataO[127:0]}   }
gui_marker_move -id  Wave.1 C1 4729
gui_marker_move -id  Wave.1 C1 4292
gui_marker_move -id  Wave.1 C1 6378
gui_marker_move -id  Wave.1 C1 6160
gui_marker_move -id  Wave.1 C1 6404
gui_list_select -id Hier.1 -current_item_name cache_tb.adrSwap_instance -current_item_type Scope  -selected  { cache_tb.adrSwap_instance   }
gui_list_select -id Hier.1 -current_item_name cache_tb.outputAlign_instance -current_item_type Scope  -selected  { cache_tb.outputAlign_instance   }
gui_open_window Wave
gui_list_add -id Wave.2 -from Hier.1 { cache_tb.outputAlign_instance } -insertionbar
gui_zoom -window Wave.2 -full
gui_marker_select -id  Wave.2 { C1 }
gui_marker_move -id  Wave.2 C1 5010
gui_marker_move -id  Wave.2 C1 6508
gui_list_select -id Wave.2 -selected  { {cache_tb.outputAlign_instance.shift0_enc[3:0]}   }
gui_marker_move -id  Wave.2 C1 765
gui_marker_move -id  Wave.2 C1 593
gui_list_select -id Wave.2 -selected  { {cache_tb.outputAlign_instance.PTC0[255:0]}   }
gui_list_select -id Wave.2 -selected  { {cache_tb.outputAlign_instance.PTC1[255:0]}   }
gui_list_select -id Wave.2 -selected  { {cache_tb.outputAlign_instance.PTC0[255:0]}   }
gui_list_select -id Wave.2 -selected  { {cache_tb.outputAlign_instance.PTC1[255:0]}   }
gui_list_select -id Wave.2 -selected  { {cache_tb.outputAlign_instance.PTC0[255:0]}   }
gui_list_select -id Wave.2 -selected  { {cache_tb.outputAlign_instance.PTC1[255:0]}   }
gui_list_select -id Wave.2 -selected  { {cache_tb.outputAlign_instance.PTC0[255:0]}   }
gui_list_select -id Wave.2 -selected  { {cache_tb.outputAlign_instance.PTC1[255:0]}   }
gui_list_select -id Wave.2 -selected  { {cache_tb.outputAlign_instance.PTC0[255:0]}   }
gui_list_select -id Wave.2 -selected  { {cache_tb.outputAlign_instance.preVAL[127:0]}   }
gui_list_select -id Wave.2 -selected  { {cache_tb.outputAlign_instance.PTC0[255:0]}   }
gui_list_select -id Wave.2 -selected  { {cache_tb.outputAlign_instance.preVAL[127:0]}   }
gui_list_select -id Wave.2 -selected  { {cache_tb.outputAlign_instance.PTCDATA[127:0]}   }
gui_list_select -id Wave.2 -selected  { {cache_tb.outputAlign_instance.PTC1[255:0]}   }
gui_list_select -id Wave.2 -selected  { {cache_tb.outputAlign_instance.data0_shift[127:0]}   }
gui_list_select -id Wave.2 -selected  { cache_tb.outputAlign_instance.wake0   }
gui_list_select -id Wave.2 -selected  { cache_tb.outputAlign_instance.wake1   }
gui_list_select -id Wave.2 -selected  { cache_tb.outputAlign_instance.O_cache_stall   }
gui_marker_move -id  Wave.2 C1 1909
gui_list_select -id Wave.2 -selected  { {cache_tb.outputAlign_instance.E_pAddress[14:0]}   }
gui_list_select -id Wave.2 -selected  { cache_tb.outputAlign_instance.E_valid   }
gui_list_select -id Wave.2 -selected  { cache_tb.outputAlign_instance.O_valid   }
gui_marker_move -id  Wave.2 C1 5488
gui_marker_move -id  Wave.2 C1 5109
gui_list_select -id Hier.1 -current_item_name cache_tb.iA -current_item_type Scope  -selected  { cache_tb.iA   }
gui_list_select -id Hier.1 -current_item_name cache_tb.cacheBank_O -current_item_type Scope  -selected  { cache_tb.cacheBank_O   }
gui_open_window Wave
gui_list_add -id Wave.3 -from Hier.1 { cache_tb.cacheBank_O } -insertionbar
gui_zoom -window Wave.3 -full
gui_list_select -id Wave.3 -selected  { cache_tb.cacheBank_O.fromBUS   }
gui_marker_move -id  Wave.3 C1 5249
gui_list_select -id Wave.3 -selected  { cache_tb.cacheBank_O.valid_in   }
gui_marker_move -id  Wave.3 C1 5103
gui_marker_move -id  Wave.3 C1 5062
gui_marker_move -id  Wave.3 C1 4835
gui_list_select -id Wave.3 -selected  { {cache_tb.cacheBank_O.PTC_ID_IN[6:0]}   }
gui_list_select -id Wave.3 -selected  { cache_tb.cacheBank_O.oddIsGreater_in   }
gui_marker_move -id  Wave.3 C1 3876
gui_list_select -id Wave.3 -selected  { cache_tb.cacheBank_O.needP1_in   }
gui_list_select -id Wave.3 -selected  { {cache_tb.cacheBank_O.data[127:0]}   }
gui_marker_move -id  Wave.3 C1 2201
