---------------------------------------------

The tool has just exited abnormally:


Release = 'T-2022.06_Full64'  Architecture = 'linux64'  Program = 'DVE'

'35648016 35682754 35684238 140511155221161'

---------------------------------------------
---------------------------------------------

The tool has just exited abnormally:


Release = 'T-2022.06_Full64'  Architecture = 'linux64'  Program = 'DVE'

'35648016 35682754 35684238 140052968436393'

---------------------------------------------
=======================DVE Context and Call Stack=========================
Command line: /usr/local/packages/synopsys_2022/vcs/T-2022.06//gui/dve/linux64/bin/dve.exe -full64

--- Stack trace follows:
=======================DVE Context and Call Stack=========================
Command line: /usr/local/packages/synopsys_2022/vcs/T-2022.06//gui/dve/linux64/bin/dve.exe -full64

--- Stack trace follows:
---------------------------------------------

The tool has just exited abnormally:


Release = 'T-2022.06_Full64'  Architecture = 'linux64'  Program = 'DVE'

'35648016 35682754 35684238 139750964105897'

---------------------------------------------
=======================DVE Context and Call Stack=========================
Command line: /usr/local/packages/synopsys_2022/vcs/T-2022.06//gui/dve/linux64/bin/dve.exe -full64

--- Stack trace follows:
[New LWP 1991740]
BFD: warning: /lib64/libz.so.1: unsupported GNU_PROPERTY_TYPE (5) type: 0xc0000002
BFD: warning: /lib64/libpthread.so.0: unsupported GNU_PROPERTY_TYPE (5) type: 0xc0000002
BFD: warning: /lib64/libX11.so.6: unsupported GNU_PROPERTY_TYPE (5) type: 0xc0000002
BFD: warning: /lib64/libXext.so.6: unsupported GNU_PROPERTY_TYPE (5) type: 0xc0000002
BFD: warning: /lib64/libSM.so.6: unsupported GNU_PROPERTY_TYPE (5) type: 0xc0000002
BFD: warning: /lib64/libICE.so.6: unsupported GNU_PROPERTY_TYPE (5) type: 0xc0000002
BFD: warning: /lib64/libm.so.6: unsupported GNU_PROPERTY_TYPE (5) type: 0xc0000002
BFD: warning: /lib64/libdl.so.2: unsupported GNU_PROPERTY_TYPE (5) type: 0xc0000002
BFD: warning: /lib64/libc.so.6: unsupported GNU_PROPERTY_TYPE (5) type: 0xc0000002
BFD: warning: /lib64/ld-linux-x86-64.so.2: unsupported GNU_PROPERTY_TYPE (5) type: 0xc0000002
BFD: warning: /lib64/libxcb.so.1: unsupported GNU_PROPERTY_TYPE (5) type: 0xc0000002
BFD: warning: /lib64/libuuid.so.1: unsupported GNU_PROPERTY_TYPE (5) type: 0xc0000002
BFD: warning: /lib64/libXau.so.6: unsupported GNU_PROPERTY_TYPE (5) type: 0xc0000002
BFD: warning: /lib64/libudev.so.1: unsupported GNU_PROPERTY_TYPE (5) type: 0xc0000002
BFD: warning: /lib64/libmount.so.1: unsupported GNU_PROPERTY_TYPE (5) type: 0xc0000002
BFD: warning: /lib64/libgcc_s.so.1: unsupported GNU_PROPERTY_TYPE (5) type: 0xc0000002
BFD: warning: /lib64/libblkid.so.1: unsupported GNU_PROPERTY_TYPE (5) type: 0xc0000002
BFD: warning: /lib64/libselinux.so.1: unsupported GNU_PROPERTY_TYPE (5) type: 0xc0000002
BFD: warning: /lib64/librt.so.1: unsupported GNU_PROPERTY_TYPE (5) type: 0xc0000002
BFD: warning: /lib64/libpcre2-8.so.0: unsupported GNU_PROPERTY_TYPE (5) type: 0xc0000002
BFD: warning: /lib64/libdbus-glib-1.so.2: unsupported GNU_PROPERTY_TYPE (5) type: 0xc0000002
BFD: warning: /lib64/libdbus-1.so.3: unsupported GNU_PROPERTY_TYPE (5) type: 0xc0000002
BFD: warning: /lib64/libgio-2.0.so.0: unsupported GNU_PROPERTY_TYPE (5) type: 0xc0000002
BFD: warning: /lib64/libgobject-2.0.so.0: unsupported GNU_PROPERTY_TYPE (5) type: 0xc0000002
BFD: warning: /lib64/libglib-2.0.so.0: unsupported GNU_PROPERTY_TYPE (5) type: 0xc0000002
BFD: warning: /lib64/libsystemd.so.0: unsupported GNU_PROPERTY_TYPE (5) type: 0xc0000002
BFD: warning: /lib64/libgmodule-2.0.so.0: unsupported GNU_PROPERTY_TYPE (5) type: 0xc0000002
BFD: warning: /lib64/libgnutls.so.30: unsupported GNU_PROPERTY_TYPE (5) type: 0xc0000002
BFD: warning: /lib64/libpcre.so.1: unsupported GNU_PROPERTY_TYPE (5) type: 0xc0000002
BFD: warning: /lib64/libresolv.so.2: unsupported GNU_PROPERTY_TYPE (5) type: 0xc0000002
BFD: warning: /lib64/liblzma.so.5: unsupported GNU_PROPERTY_TYPE (5) type: 0xc0000002
BFD: warning: /lib64/liblz4.so.1: unsupported GNU_PROPERTY_TYPE (5) type: 0xc0000002
BFD: warning: /lib64/libcap.so.2: unsupported GNU_PROPERTY_TYPE (5) type: 0xc0000002
BFD: warning: /lib64/libgcrypt.so.20: unsupported GNU_PROPERTY_TYPE (5) type: 0xc0000002
BFD: warning: /lib64/libp11-kit.so.0: unsupported GNU_PROPERTY_TYPE (5) type: 0xc0000002
BFD: warning: /lib64/libidn2.so.0: unsupported GNU_PROPERTY_TYPE (5) type: 0xc0000002
BFD: warning: /lib64/libunistring.so.2: unsupported GNU_PROPERTY_TYPE (5) type: 0xc0000002
BFD: warning: /lib64/libtasn1.so.6: unsupported GNU_PROPERTY_TYPE (5) type: 0xc0000002
BFD: warning: /lib64/libnettle.so.6: unsupported GNU_PROPERTY_TYPE (5) type: 0xc0000002
BFD: warning: /lib64/libhogweed.so.4: unsupported GNU_PROPERTY_TYPE (5) type: 0xc0000002
BFD: warning: /lib64/libgmp.so.10: unsupported GNU_PROPERTY_TYPE (5) type: 0xc0000002
BFD: warning: /lib64/libgpg-error.so.0: unsupported GNU_PROPERTY_TYPE (5) type: 0xc0000002
BFD: warning: /lib64/libXcursor.so.1: unsupported GNU_PROPERTY_TYPE (5) type: 0xc0000002
BFD: warning: /lib64/libXrender.so.1: unsupported GNU_PROPERTY_TYPE (5) type: 0xc0000002
BFD: warning: /lib64/libXfixes.so.3: unsupported GNU_PROPERTY_TYPE (5) type: 0xc0000002

warning: Cannot parse .gnu_debugdata section; LZMA support was disabled at compile time
[Thread debugging using libthread_db enabled]
Using host libthread_db library "/lib64/libthread_db.so.1".

warning: Cannot parse .gnu_debugdata section; LZMA support was disabled at compile time

warning: Cannot parse .gnu_debugdata section; LZMA support was disabled at compile time

warning: Cannot parse .gnu_debugdata section; LZMA support was disabled at compile time

warning: Cannot parse .gnu_debugdata section; LZMA support was disabled at compile time

warning: Cannot parse .gnu_debugdata section; LZMA support was disabled at compile time

warning: Cannot parse .gnu_debugdata section; LZMA support was disabled at compile time

warning: Cannot parse .gnu_debugdata section; LZMA support was disabled at compile time

warning: Cannot parse .gnu_debugdata section; LZMA support was disabled at compile time

warning: Cannot parse .gnu_debugdata section; LZMA support was disabled at compile time

warning: Cannot parse .gnu_debugdata section; LZMA support was disabled at compile time

warning: Cannot parse .gnu_debugdata section; LZMA support was disabled at compile time

warning: Cannot parse .gnu_debugdata section; LZMA support was disabled at compile time

warning: Cannot parse .gnu_debugdata section; LZMA support was disabled at compile time

warning: Cannot parse .gnu_debugdata section; LZMA support was disabled at compile time

warning: Cannot parse .gnu_debugdata section; LZMA support was disabled at compile time

warning: Cannot parse .gnu_debugdata section; LZMA support was disabled at compile time

warning: Cannot parse .gnu_debugdata section; LZMA support was disabled at compile time

warning: Cannot parse .gnu_debugdata section; LZMA support was disabled at compile time

warning: Cannot parse .gnu_debugdata section; LZMA support was disabled at compile time

warning: Cannot parse .gnu_debugdata section; LZMA support was disabled at compile time

warning: Cannot parse .gnu_debugdata section; LZMA support was disabled at compile time

warning: Cannot parse .gnu_debugdata section; LZMA support was disabled at compile time

warning: Cannot parse .gnu_debugdata section; LZMA support was disabled at compile time

warning: Cannot parse .gnu_debugdata section; LZMA support was disabled at compile time

warning: Cannot parse .gnu_debugdata section; LZMA support was disabled at compile time

warning: Cannot parse .gnu_debugdata section; LZMA support was disabled at compile time

warning: Cannot parse .gnu_debugdata section; LZMA support was disabled at compile time

warning: Cannot parse .gnu_debugdata section; LZMA support was disabled at compile time

warning: Cannot parse .gnu_debugdata section; LZMA support was disabled at compile time

warning: Cannot parse .gnu_debugdata section; LZMA support was disabled at compile time

warning: Cannot parse .gnu_debugdata section; LZMA support was disabled at compile time

warning: Cannot parse .gnu_debugdata section; LZMA support was disabled at compile time

warning: Cannot parse .gnu_debugdata section; LZMA support was disabled at compile time

warning: Cannot parse .gnu_debugdata section; LZMA support was disabled at compile time

warning: Cannot parse .gnu_debugdata section; LZMA support was disabled at compile time

warning: Cannot parse .gnu_debugdata section; LZMA support was disabled at compile time

warning: Cannot parse .gnu_debugdata section; LZMA support was disabled at compile time

warning: Cannot parse .gnu_debugdata section; LZMA support was disabled at compile time

warning: Cannot parse .gnu_debugdata section; LZMA support was disabled at compile time

warning: Cannot parse .gnu_debugdata section; LZMA support was disabled at compile time
0x00007f1a4e9d16c2 in waitpid () from /lib64/libc.so.6

Thread 2 (Thread 0x7f1a48917700 (LWP 1991740)):
#0  0x00007f1a500ed7aa in pthread_cond_timedwait@@GLIBC_2.3.2 () from /lib64/libpthread.so.0
#1  0x0000000002b3f77b in ?? ()
#2  0x0000000002b3fc41 in QThread::msleep(unsigned long) ()
#3  0x00000000012cd507 in ag::dveXThread::run() ()
#4  0x0000000002b3f93a in QThreadInstance::start(void*) ()
#5  0x00007f1a500e71ca in start_thread () from /lib64/libpthread.so.0
#6  0x00007f1a4e911e73 in clone () from /lib64/libc.so.6

Thread 1 (Thread 0x7f1a523bf740 (LWP 1990274)):
#0  0x00007f1a4e9d16c2 in waitpid () from /lib64/libc.so.6
#1  0x00007f1a4e933ce7 in do_system () from /lib64/libc.so.6
#2  0x00007f1a51cfb183 in SNPSle_10ee25eff68cd8461c9146fa1d0b35e87067f3c8015b313e639d2928478c79b3f673f99203bcf8be64600612100082236bffb2007f1e0ef9 () from /usr/local/packages/synopsys_2022/vcs/T-2022.06//linux64/lib/liberrorinf.so
#3  0x00007f1a51cfb790 in SNPSle_10ee25eff68cd8461c9146fa1d0b35e87067f3c8015b313e81c34e9ac4c8988ef4a6e067b3aa9271e9f15440f9e8f69e71727f1bc8d6ddca () from /usr/local/packages/synopsys_2022/vcs/T-2022.06//linux64/lib/liberrorinf.so
#4  0x00007f1a51cfcdba in SNPSle_10ee25eff68cd8461c9146fa1d0b35e87067f3c8015b313efba706aab251478fa49e66610e453774633a6c152e7ef778f93045171fb3645d () from /usr/local/packages/synopsys_2022/vcs/T-2022.06//linux64/lib/liberrorinf.so
#5  0x00007f1a51cf4f43 in SNPSle_d35ca1ff70d465c2b9b1a72eee90a50630165806651fae96c1bbda5b5d02066c () from /usr/local/packages/synopsys_2022/vcs/T-2022.06//linux64/lib/liberrorinf.so
#6  0x000000000220797b in ag::logErrorMessage(ag::errorType, QString const&, bool) ()
#7  0x0000000002207f8e in ?? ()
#8  0x00007f1a4e9292a9 in __run_exit_handlers () from /lib64/libc.so.6
#9  0x00007f1a4e9293a0 in exit () from /lib64/libc.so.6
#10 0x0000000002aee6ec in ?? ()
#11 0x00007f1a4f8a4cb2 in _XIOError () from /lib64/libX11.so.6
#12 0x00007f1a4f8a2495 in _XEventsQueued () from /lib64/libX11.so.6
#13 0x00007f1a4f893e27 in XPending () from /lib64/libX11.so.6
#14 0x0000000002b0a064 in QEventLoop::processEvents(unsigned int) ()
#15 0x000000000131942a in ag::ovaEventLoop::processEvents(unsigned int) ()
#16 0x0000000002b55c29 in QEventLoop::enterLoop() ()
#17 0x0000000002b55baa in QEventLoop::exec() ()
#18 0x0000000001318e96 in run_cci_event_loop ()
#19 0x00000000012cf6b2 in ag::ovaAppInst::enterEventLoop(int, char**) ()
#20 0x0000000000e840c7 in main ()

Process VmPeak: 483192 kb, VmSize: 428228 kb
System Free Memory: 374537980 kb, System Free Swap: 4194300 kb

No context available
==========================================================================
