# Preference setting overrides
gui_create_pref_key -category {Globals} -key {load_detail_for_funcov} -value_type {bool} -value {false}
gui_create_pref_category -category {schem_obj_name}
gui_create_pref_key -category {schem_obj_name} -key {show_cell_and_pin_with_symbol_name} -value_type {bool} -value {false}
gui_create_pref_key -category {schem_pin_hc} -key {textExtFont} -value_type {string} -value {Helvetica,10,-1,5,50,0,0,0,0,0}

# State setting overrides
gui_state_default_create -off -ini
gui_set_state_value -category Globals -key recent_databases -value {{gui_open_db -file /home/ecelrc/students/jnederveld/Project-RAVE/processor/M/cache/cache.vpd -design V1} {gui_open_db -file /home/ecelrc/students/jnederveld/Project-RAVE/processor/M/cache/cache.vpd -design V2} {gui_open_db -file /home/ecelrc/students/jnederveld/Project-RAVE/processor/Control Store/pythonProject/CS.vpd -design V1} {gui_open_db -file /home/ecelrc/students/jnederveld/Project-RAVE/processor/M/cache/PTCVDFSM.vpd -design V1} {gui_open_db -file /home/ecelrc/students/jnederveld/Project-RAVE/processor/Control Store/pythonProject/CS.vpd -design V2}}
gui_set_state_value -category Layout -key child_console_size_x -value 2019
gui_set_state_value -category Layout -key child_console_size_y -value 168
gui_set_state_value -category Layout -key child_data_coltype -value 80
gui_set_state_value -category Layout -key child_data_colvalue -value 116
gui_set_state_value -category Layout -key child_data_colvariable -value 160
gui_set_state_value -category Layout -key child_data_size_x -value 302
gui_set_state_value -category Layout -key child_data_size_y -value 937
gui_set_state_value -category Layout -key child_driver_size_x -value 1749
gui_set_state_value -category Layout -key child_driver_size_y -value 179
gui_set_state_value -category Layout -key child_hier_col3 -value {-1}
gui_set_state_value -category Layout -key child_hier_colhier -value 330
gui_set_state_value -category Layout -key child_hier_colpd -value 0
gui_set_state_value -category Layout -key child_hier_coltype -value 181
gui_set_state_value -category Layout -key child_hier_size_x -value 520
gui_set_state_value -category Layout -key child_hier_size_y -value 937
gui_set_state_value -category Layout -key child_hier_sort_order -value 1
gui_set_state_value -category Layout -key child_list_down -value 250
gui_set_state_value -category Layout -key child_list_right -value 1174
gui_set_state_value -category Layout -key child_schematic_docknewline -value false
gui_set_state_value -category Layout -key child_schematic_pos_x -value {-2}
gui_set_state_value -category Layout -key child_schematic_pos_y -value {-15}
gui_set_state_value -category Layout -key child_schematic_size_x -value 2990
gui_set_state_value -category Layout -key child_schematic_size_y -value 778
gui_set_state_value -category Layout -key child_source_docknewline -value false
gui_set_state_value -category Layout -key child_source_pos_x -value {-2}
gui_set_state_value -category Layout -key child_source_pos_y -value {-15}
gui_set_state_value -category Layout -key child_source_size_x -value 1200
gui_set_state_value -category Layout -key child_source_size_y -value 932
gui_set_state_value -category Layout -key child_wave_colname -value 285
gui_set_state_value -category Layout -key child_wave_colvalue -value 285
gui_set_state_value -category Layout -key child_wave_left -value 574
gui_set_state_value -category Layout -key child_wave_right -value 1400
gui_set_state_value -category Layout -key main_pos_x -value 10
gui_set_state_value -category Layout -key main_pos_y -value 81
gui_set_state_value -category Layout -key main_size_x -value 2029
gui_set_state_value -category Layout -key main_size_y -value 1261
gui_set_state_value -category Layout -key stand_list_child_docknewline -value false
gui_set_state_value -category Layout -key stand_list_child_pos_x -value {-2}
gui_set_state_value -category Layout -key stand_list_child_pos_y -value {-15}
gui_set_state_value -category Layout -key stand_list_child_size_x -value 1334
gui_set_state_value -category Layout -key stand_list_child_size_y -value 395
gui_set_state_value -category Layout -key stand_list_top_pos_y -value 31
gui_set_state_value -category Layout -key stand_list_top_size_x -value 1829
gui_set_state_value -category Layout -key stand_list_top_size_y -value 530
gui_set_state_value -category Layout -key stand_wave_child_docknewline -value false
gui_set_state_value -category Layout -key stand_wave_child_pos_x -value {-2}
gui_set_state_value -category Layout -key stand_wave_child_pos_y -value {-15}
gui_set_state_value -category Layout -key stand_wave_child_size_x -value 1984
gui_set_state_value -category Layout -key stand_wave_child_size_y -value 1111
gui_set_state_value -category Layout -key stand_wave_top_pos_x -value 0
gui_set_state_value -category Layout -key stand_wave_top_pos_y -value 0
gui_set_state_value -category Layout -key stand_wave_top_size_x -value 1979
gui_set_state_value -category Layout -key stand_wave_top_size_y -value 1191
gui_create_state_key -category FindDialog -key m_pMatchCase -value_type bool -value false
gui_create_state_key -category FindDialog -key m_pMatchWord -value_type bool -value false
gui_create_state_key -category FindDialog -key m_pUseCombo -value_type string -value {}
gui_create_state_key -category FindDialog -key m_pWrapAround -value_type bool -value true
gui_create_state_key -category Widget_History -key {dlgSimSetup|m_setupTab|tab pages|SimTab|m_VPDCombo} -value_type string -value inter.vpd
gui_create_state_key -category Widget_History -key {dlgSimSetup|m_setupTab|tab pages|SimTab|m_argsCombo} -value_type string -value {{-ucligui }}
gui_create_state_key -category Widget_History -key {dlgSimSetup|m_setupTab|tab pages|SimTab|m_curDirCombo} -value_type string -value {/home/ecelrc/students/jnederveld/vlsi1/lab3/rtl /home/ecelrc/students/jnederveld/vlsi1/lab3}
gui_create_state_key -category Widget_History -key {dlgSimSetup|m_setupTab|tab pages|SimTab|m_exeCombo} -value_type string -value {/home/ecelrc/students/jnederveld/vlsi1/lab3/rtl/simv ./simv /home/ecelrc/students/jnederveld/vlsi1/lab3/simv}
gui_create_state_key -category Widget_History -key {dveFileDialogImpl|directory history/editor} -value_type string -value /home/ecelrc/students/jnederveld/uarch/PS2/
gui_state_default_create -off

# Begin command logging
gui_open_db -file /home/ecelrc/students/jnederveld/Project-RAVE/processor/M/cache/cache.vpd -design V1
gui_list_expand -id  Hier.1   cache_tb
gui_list_select -id Hier.1 -current_item_name cache_tb.iA -current_item_type Scope  -selected  { cache_tb.iA   }
gui_list_select -id Hier.1 -current_item_name cache_tb.cacheBank_O -current_item_type Scope  -selected  { cache_tb.cacheBank_O   }
gui_list_select -id Hier.1 -current_item_name cache_tb.adrSwap_instance -current_item_type Scope  -selected  { cache_tb.adrSwap_instance   }
gui_list_select -id Hier.1 -current_item_name cache_tb.outputAlign_instance -current_item_type Scope  -selected  { cache_tb.outputAlign_instance   }
gui_open_window Wave
gui_list_add -id Wave.1 -from Hier.1 { cache_tb.outputAlign_instance } -insertionbar
gui_zoom -window Wave.1 -full
gui_list_select -id Wave.1 -selected  { {cache_tb.outputAlign_instance.E_data[127:0]}   }
gui_list_select -id Wave.1 -selected  { {cache_tb.outputAlign_instance.data_out[63:0]}   }
gui_list_select -id Wave.1 -selected  { {cache_tb.outputAlign_instance.data0[127:0]}   }
gui_marker_move -id  Wave.1 C1 3503
gui_marker_move -id  Wave.1 C1 17732
gui_marker_move -id  Wave.1 C1 16009
gui_marker_move -id  Wave.1 C1 16139
gui_marker_move -id  Wave.1 C1 16225
gui_list_expand -id  Hier.1   cache_tb.cacheBank_E
gui_list_select -id Hier.1 -current_item_name cache_tb.cacheBank_E.ms -current_item_type Scope  -selected  { cache_tb.cacheBank_E.ms   }
gui_open_window Wave
gui_list_add -id Wave.2 -from Hier.1 { cache_tb.cacheBank_E.ms } -insertionbar
gui_zoom -window Wave.2 -full
gui_list_select -id Wave.2 -selected  { {cache_tb.cacheBank_E.ms.PTC_out[3:0]}   }
gui_list_select -id Wave.2 -selected  { {cache_tb.cacheBank_E.ms.ID_IN[6:0]}   }
gui_list_select -id Wave.2 -selected  { {cache_tb.cacheBank_E.ms.VALID_out[3:0]}   }
gui_list_select -id Wave.2 -selected  { {cache_tb.cacheBank_E.ms.PTC_out[3:0]}   }
gui_list_select -id Wave.2 -selected  { {cache_tb.cacheBank_E.ms.DIRTY_out[3:0]}   }
gui_list_select -id Wave.2 -selected  { {cache_tb.cacheBank_E.ms.VALID_out[3:0]}   }
gui_list_select -id Wave.2 -selected  { {cache_tb.cacheBank_E.ms.PTC_out[3:0]}   }
gui_list_select -id Wave.2 -selected  { {cache_tb.cacheBank_E.ms.DIRTY_out[3:0]}   }
gui_list_select -id Wave.2 -selected  { {cache_tb.cacheBank_E.ms.VALID_out[3:0]}   }
gui_list_select -id Wave.2 -selected  { {cache_tb.cacheBank_E.ms.PTC_out[3:0]}   }
gui_list_select -id Wave.2 -selected  { {cache_tb.cacheBank_E.ms.DIRTY_out[3:0]}   }
gui_marker_move -id  Wave.2 C1 11106
gui_marker_move -id  Wave.2 C1 10639
gui_marker_move -id  Wave.2 C1 8960
gui_marker_move -id  Wave.2 C1 9316
gui_marker_move -id  Wave.2 C1 9316
gui_marker_move -id  Wave.2 C1 9878
gui_list_select -id Wave.2 -selected  { {cache_tb.cacheBank_E.ms.PTCID[111:0]}   }
gui_marker_move -id  Wave.2 C1 9950
gui_list_select -id Wave.2 -selected  { {cache_tb.cacheBank_E.ms.LRU1[15:0]}   }
gui_marker_move -id  Wave.2 C1 6992
gui_marker_move -id  Wave.2 C1 9922
gui_marker_move -id  Wave.2 C1 10808
gui_list_expand -id  Wave.2   {cache_tb.cacheBank_E.ms.LRU1[15:0]}
gui_list_collapse -id  Wave.2   {cache_tb.cacheBank_E.ms.LRU1[15:0]}
gui_marker_move -id  Wave.2 C1 7438
gui_list_select -id Wave.2 -selected  { cache_tb.cacheBank_E.ms.v_not   }
gui_marker_move -id  Wave.2 C1 8529
gui_marker_move -id  Wave.2 C1 12756
gui_marker_move -id  Wave.2 C1 13081
gui_marker_move -id  Wave.2 C1 13583
gui_marker_move -id  Wave.2 C1 13841
gui_wv_zoom_timerange -id  Wave.2 12377 13870
gui_zoom -window Wave.2 -factor 2
gui_zoom -window Wave.2 -full
gui_list_select -id Wave.2 -selected  { {cache_tb.cacheBank_E.ms.LRU0[15:0]}   }
gui_marker_move -id  Wave.2 C1 9476
gui_marker_move -id  Wave.2 C1 9000
gui_marker_move -id  Wave.2 C1 10800
gui_marker_move -id  Wave.2 C1 10800
gui_marker_move -id  Wave.2 C1 10800
gui_marker_move -id  Wave.2 C1 9347
gui_marker_move -id  Wave.2 C1 9000
gui_marker_move -id  Wave.2 C1 15220
gui_marker_move -id  Wave.2 C1 15435
gui_marker_move -id  Wave.2 C1 10438
gui_marker_move -id  Wave.2 C1 10309
gui_list_select -id Wave.2 -selected  { {cache_tb.cacheBank_E.ms.index[1:0]}   }
gui_list_select -id Wave.2 -selected  { {cache_tb.cacheBank_E.ms.way[3:0]}   }
gui_list_select -id Hier.1 -current_item_name cache_tb.cacheBank_E.wg -current_item_type Scope  -selected  { cache_tb.cacheBank_E.wg   }
gui_open_window Wave
gui_list_add -id Wave.3 -from Hier.1 { cache_tb.cacheBank_E.wg } -insertionbar
