# Preference setting overrides
gui_create_pref_key -category {Globals} -key {load_detail_for_funcov} -value_type {bool} -value {false}
gui_set_pref_value -category {Wave} -key {waveMaxBits} -value {2048}
gui_create_pref_category -category {dlg_settings}
gui_create_pref_key -category {dlg_settings} -key {tableWithImmediatePopup} -value_type {bool} -value {true}

# State setting overrides
gui_state_default_create -off -ini
gui_set_state_value -category Globals -key recent_databases -value {{gui_open_db -file /home/ecelrc/students/rjain1/uarch/Project-RAVE/processor.dump.vpd -design V1} {gui_open_db -file /home/ecelrc/students/rjain1/uarch/idtr_test/TOP.dump.vpd -design V1} {gui_open_db -file /home/ecelrc/students/rjain1/uarch/RAVE_I/tlb_test/tlb.dump.vpd -design V1} {gui_open_db -file /home/ecelrc/students/rjain1/uarch/RAVE_I/decode_prefixes/decode_prefix.dump.vpd -design V1} {gui_open_db -file /home/ecelrc/students/rjain1/uarch/RAVE_I/qlatch_debug/test.dump.vpd -design V1}}
gui_set_state_value -category Layout -key child_console_size_x -value 1489
gui_set_state_value -category Layout -key child_console_size_y -value 105
gui_set_state_value -category Layout -key child_data_size_x -value 146
gui_set_state_value -category Layout -key child_data_size_y -value 587
gui_set_state_value -category Layout -key child_driver_size_x -value 842
gui_set_state_value -category Layout -key child_driver_size_y -value 179
gui_set_state_value -category Layout -key child_hier_col3 -value {-1}
gui_set_state_value -category Layout -key child_hier_colhier -value 275
gui_set_state_value -category Layout -key child_hier_colpd -value 0
gui_set_state_value -category Layout -key child_hier_coltype -value 122
gui_set_state_value -category Layout -key child_hier_size_x -value 295
gui_set_state_value -category Layout -key child_hier_size_y -value 587
gui_set_state_value -category Layout -key child_source_docknewline -value false
gui_set_state_value -category Layout -key child_source_pos_x -value {-2}
gui_set_state_value -category Layout -key child_source_pos_y -value {-15}
gui_set_state_value -category Layout -key child_source_size_x -value 1051
gui_set_state_value -category Layout -key child_source_size_y -value 582
gui_set_state_value -category Layout -key child_wave_colname -value 213
gui_set_state_value -category Layout -key child_wave_colvalue -value 213
gui_set_state_value -category Layout -key child_wave_left -value 430
gui_set_state_value -category Layout -key child_wave_right -value 1049
gui_set_state_value -category Layout -key main_pos_x -value 248
gui_set_state_value -category Layout -key main_pos_y -value 258
gui_set_state_value -category Layout -key main_size_x -value 1737
gui_set_state_value -category Layout -key main_size_y -value 1057
gui_set_state_value -category Layout -key stand_wave_child_docknewline -value false
gui_set_state_value -category Layout -key stand_wave_child_pos_x -value {-2}
gui_set_state_value -category Layout -key stand_wave_child_pos_y -value {-15}
gui_set_state_value -category Layout -key stand_wave_child_size_x -value 1489
gui_set_state_value -category Layout -key stand_wave_child_size_y -value 785
gui_set_state_value -category Layout -key stand_wave_top_pos_x -value 317
gui_set_state_value -category Layout -key stand_wave_top_pos_y -value 188
gui_set_state_value -category Layout -key stand_wave_top_size_x -value 1801
gui_set_state_value -category Layout -key stand_wave_top_size_y -value 1085
gui_create_state_key -category FindDialog -key m_pMatchCase -value_type bool -value false
gui_create_state_key -category FindDialog -key m_pMatchWord -value_type bool -value false
gui_create_state_key -category FindDialog -key m_pUseCombo -value_type string -value {}
gui_create_state_key -category FindDialog -key m_pWrapAround -value_type bool -value true
gui_create_state_key -category Widget_History -key TopLevel.2|EkTopVbox|wndWorkspace|qt_workspacechild2|Wave.1|left|filterVBox|controlHBox|unnamed -value_type string -value {p_op_pop_eflags_mux *IDTR_is_POP_EFLAGS* IDTR_is_POP_EFLAGS *IDTR_is_POP_EFLAGS}
gui_create_state_key -category Widget_History -key TopLevel.2|EkTopVbox|wndWorkspace|qt_workspacechild3|Wave.1|left|filterVBox|controlHBox|unnamed -value_type string -value {EX_stall_out EX_}
gui_create_state_key -category Widget_History -key TopLevel.2|EkTopVbox|wndWorkspace|qt_workspacechild4|Wave.1|left|filterVBox|controlHBox|unnamed -value_type string -value {EX_stall *EX_stall}
gui_state_default_create -off

# Begin command logging
gui_open_db -file /home/ecelrc/students/rjain1/uarch/Project-RAVE/processor.dump.vpd -design V1
gui_list_expand -id  Hier.1   TOP
gui_list_select -id Hier.1 -current_item_name TOP.m1 -current_item_type Scope  -selected  { TOP.m1   }
gui_open_window Wave
gui_list_add -id Wave.1 -from Hier.1 { TOP.m1 } -insertionbar
gui_zoom -window Wave.1 -full
gui_list_select -id Wave.1 -selected  { TOP.m1.prot_exc   }
gui_list_select -id Wave.1 -selected  { TOP.m1.TLB_miss   }
gui_wv_zoom_timerange -id  Wave.1 304949 434798
gui_zoom -window Wave.1 -full
gui_list_select -id Wave.1 -selected  { TOP.m1.prot_exc   }
